mode: set
first/src/first-api/Utils/Pagination.go:9.70,15.32 5 1
first/src/first-api/Utils/Pagination.go:29.2,33.3 1 1
first/src/first-api/Utils/Pagination.go:15.32,17.14 2 0
first/src/first-api/Utils/Pagination.go:18.16,20.9 2 0
first/src/first-api/Utils/Pagination.go:21.15,23.9 2 0
first/src/first-api/Utils/Pagination.go:24.15,26.9 2 0
first/src/first-api/Controllers/HealthController.go:8.34,14.2 1 1
first/src/first-api/Authentication/auth.go:19.54,29.16 4 1
first/src/first-api/Authentication/auth.go:32.2,32.25 1 1
first/src/first-api/Authentication/auth.go:29.16,31.3 1 0
first/src/first-api/Authentication/auth.go:35.64,37.102 2 1
first/src/first-api/Authentication/auth.go:43.2,43.16 1 1
first/src/first-api/Authentication/auth.go:46.2,46.18 1 1
first/src/first-api/Authentication/auth.go:49.2,51.26 3 1
first/src/first-api/Authentication/auth.go:37.102,38.58 1 1
first/src/first-api/Authentication/auth.go:41.3,41.21 1 1
first/src/first-api/Authentication/auth.go:38.58,40.4 1 0
first/src/first-api/Authentication/auth.go:43.16,45.3 1 0
first/src/first-api/Authentication/auth.go:46.18,48.3 1 0
first/src/first-api/Seeder/Seed.go:90.24,93.16 2 0
first/src/first-api/Seeder/Seed.go:97.2,98.16 2 0
first/src/first-api/Seeder/Seed.go:102.2,103.16 2 0
first/src/first-api/Seeder/Seed.go:107.2,108.16 2 0
first/src/first-api/Seeder/Seed.go:112.2,112.26 1 0
first/src/first-api/Seeder/Seed.go:93.16,95.3 1 0
first/src/first-api/Seeder/Seed.go:98.16,100.3 1 0
first/src/first-api/Seeder/Seed.go:103.16,105.3 1 0
first/src/first-api/Seeder/Seed.go:108.16,110.3 1 0
first/src/first-api/Seeder/Seed.go:112.26,114.17 2 0
first/src/first-api/Seeder/Seed.go:117.3,120.17 3 0
first/src/first-api/Seeder/Seed.go:124.3,126.17 3 0
first/src/first-api/Seeder/Seed.go:114.17,116.4 1 0
first/src/first-api/Seeder/Seed.go:120.17,122.4 1 0
first/src/first-api/Seeder/Seed.go:126.17,128.4 1 0
first/src/first-api/Repository/Comment.go:8.69,10.25 2 1
first/src/first-api/Repository/Comment.go:15.2,15.22 1 1
first/src/first-api/Repository/Comment.go:10.25,13.3 2 0
first/src/first-api/Repository/Comment.go:18.102,21.25 2 1
first/src/first-api/Repository/Comment.go:25.2,25.23 1 1
first/src/first-api/Repository/Comment.go:21.25,24.3 2 0
first/src/first-api/Controllers/UserController.go:11.31,21.23 6 1
first/src/first-api/Controllers/UserController.go:28.2,29.16 2 1
first/src/first-api/Controllers/UserController.go:35.2,37.4 1 1
first/src/first-api/Controllers/UserController.go:21.23,26.3 2 0
first/src/first-api/Controllers/UserController.go:29.16,34.3 2 0
first/src/first-api/Controllers/UserController.go:40.28,45.49 3 1
first/src/first-api/Controllers/UserController.go:51.2,52.16 2 1
first/src/first-api/Controllers/UserController.go:58.2,61.8 2 1
first/src/first-api/Controllers/UserController.go:45.49,50.3 2 0
first/src/first-api/Controllers/UserController.go:52.16,57.3 2 0
first/src/first-api/Repository/Article.go:8.104,14.25 5 1
first/src/first-api/Repository/Article.go:18.2,18.23 1 1
first/src/first-api/Repository/Article.go:14.25,17.3 2 0
first/src/first-api/Repository/Article.go:21.84,25.16 3 1
first/src/first-api/Repository/Article.go:28.2,28.21 1 1
first/src/first-api/Repository/Article.go:25.16,27.3 1 0
first/src/first-api/Repository/User.go:10.57,13.25 2 1
first/src/first-api/Repository/User.go:17.2,17.19 1 1
first/src/first-api/Repository/User.go:13.25,16.3 2 0
first/src/first-api/Repository/User.go:20.69,22.76 2 1
first/src/first-api/Repository/User.go:26.2,27.62 2 1
first/src/first-api/Repository/User.go:30.2,30.43 1 1
first/src/first-api/Repository/User.go:22.76,25.3 2 0
first/src/first-api/Repository/User.go:27.62,29.3 1 0
first/src/first-api/Controllers/ArticleController.go:11.34,16.16 4 1
first/src/first-api/Controllers/ArticleController.go:22.2,24.4 1 1
first/src/first-api/Controllers/ArticleController.go:16.16,21.3 2 0
first/src/first-api/Controllers/ArticleController.go:28.37,32.16 3 1
first/src/first-api/Controllers/ArticleController.go:38.2,43.8 2 1
first/src/first-api/Controllers/ArticleController.go:32.16,37.3 2 0
first/src/first-api/Routes/Routes.go:9.37,18.2 6 0
first/src/first-api/Routes/Routes.go:31.2,31.10 1 0
first/src/first-api/Routes/Routes.go:18.2,20.3 2 0
first/src/first-api/Routes/Routes.go:25.3,26.3 2 0
first/src/first-api/Routes/Routes.go:20.3,24.4 3 0
first/src/first-api/Routes/Routes.go:26.3,28.4 1 0
first/src/first-api/server/Server.go:16.12,19.16 2 0
first/src/first-api/server/Server.go:24.2,27.16 3 0
first/src/first-api/server/Server.go:31.2,34.13 3 0
first/src/first-api/server/Server.go:19.16,21.3 1 0
first/src/first-api/server/Server.go:21.8,23.3 1 0
first/src/first-api/server/Server.go:27.16,29.3 1 0
first/src/first-api/cmd/main.go:9.13,11.2 1 0
first/src/first-api/Config/Config.go:21.39,31.2 1 0
first/src/first-api/Utils/ImageConverter.go:14.77,15.12 1 1
first/src/first-api/Utils/ImageConverter.go:24.2,24.25 1 1
first/src/first-api/Utils/ImageConverter.go:15.12,19.22 4 1
first/src/first-api/Utils/ImageConverter.go:22.3,22.26 1 1
first/src/first-api/Utils/ImageConverter.go:19.22,21.4 1 1
first/src/first-api/Utils/ImageConverter.go:27.65,32.12 5 1
first/src/first-api/Utils/ImageConverter.go:63.2,63.11 1 1
first/src/first-api/Utils/ImageConverter.go:32.12,33.28 1 1
first/src/first-api/Utils/ImageConverter.go:59.3,61.12 3 1
first/src/first-api/Utils/ImageConverter.go:33.28,35.18 2 1
first/src/first-api/Utils/ImageConverter.go:41.4,46.18 5 1
first/src/first-api/Utils/ImageConverter.go:49.4,49.54 1 1
first/src/first-api/Utils/ImageConverter.go:52.4,52.35 1 1
first/src/first-api/Utils/ImageConverter.go:56.4,57.60 2 1
first/src/first-api/Utils/ImageConverter.go:35.18,36.52 1 0
first/src/first-api/Utils/ImageConverter.go:39.5,39.15 1 0
first/src/first-api/Utils/ImageConverter.go:36.52,37.59 1 0
first/src/first-api/Utils/ImageConverter.go:46.18,47.15 1 0
first/src/first-api/Utils/ImageConverter.go:49.54,50.15 1 0
first/src/first-api/Utils/ImageConverter.go:52.35,53.15 1 0
first/src/first-api/Utils/ImageConverter.go:66.54,72.33 6 1
first/src/first-api/Utils/ImageConverter.go:76.2,77.23 2 1
first/src/first-api/Utils/ImageConverter.go:72.33,75.3 2 1
first/src/first-api/Utils/ImageConverter.go:80.36,82.19 2 1
first/src/first-api/Utils/ImageConverter.go:85.2,85.18 1 1
first/src/first-api/Utils/ImageConverter.go:82.19,84.3 1 1
first/src/first-api/Controllers/CommentController.go:13.34,21.16 4 1
first/src/first-api/Controllers/CommentController.go:27.2,29.4 1 1
first/src/first-api/Controllers/CommentController.go:21.16,26.3 2 0
first/src/first-api/Controllers/CommentController.go:32.44,35.16 2 1
first/src/first-api/Controllers/CommentController.go:42.2,42.42 1 1
first/src/first-api/Controllers/CommentController.go:35.16,40.3 2 0
first/src/first-api/Controllers/CommentController.go:42.42,47.3 1 0
first/src/first-api/Middleware/Middleware.go:10.34,12.9 2 0
first/src/first-api/Middleware/Middleware.go:18.2,19.16 2 0
first/src/first-api/Middleware/Middleware.go:25.2,28.10 4 0
first/src/first-api/Middleware/Middleware.go:12.9,17.3 2 0
first/src/first-api/Middleware/Middleware.go:19.16,24.3 2 0
first/src/first-api/Middleware/Middleware.go:31.46,34.19 3 0
first/src/first-api/Middleware/Middleware.go:37.2,38.60 2 0
first/src/first-api/Middleware/Middleware.go:41.2,41.45 1 0
first/src/first-api/Middleware/Middleware.go:34.19,36.3 1 0
first/src/first-api/Middleware/Middleware.go:38.60,40.3 1 0
first/src/first-api/Model/User.go:25.44,27.2 1 1
first/src/first-api/Model/User.go:29.60,31.2 1 1
first/src/first-api/Model/User.go:33.35,35.16 2 1
first/src/first-api/Model/User.go:38.2,39.12 2 1
first/src/first-api/Model/User.go:35.16,37.3 1 0
first/src/first-api/Model/User.go:42.26,48.2 5 1
first/src/first-api/Model/User.go:50.46,51.33 1 1
first/src/first-api/Model/User.go:52.16,53.19 1 0
first/src/first-api/Model/User.go:56.3,56.23 1 0
first/src/first-api/Model/User.go:59.3,59.20 1 0
first/src/first-api/Model/User.go:62.3,62.59 1 0
first/src/first-api/Model/User.go:66.3,66.13 1 0
first/src/first-api/Model/User.go:67.15,68.23 1 0
first/src/first-api/Model/User.go:71.3,71.20 1 0
first/src/first-api/Model/User.go:74.3,74.59 1 0
first/src/first-api/Model/User.go:77.3,77.13 1 0
first/src/first-api/Model/User.go:79.10,80.19 1 1
first/src/first-api/Model/User.go:83.3,83.23 1 1
first/src/first-api/Model/User.go:86.3,86.20 1 1
first/src/first-api/Model/User.go:89.3,89.59 1 1
first/src/first-api/Model/User.go:92.3,92.13 1 1
first/src/first-api/Model/User.go:53.19,55.4 1 0
first/src/first-api/Model/User.go:56.23,58.4 1 0
first/src/first-api/Model/User.go:59.20,61.4 1 0
first/src/first-api/Model/User.go:62.59,64.4 1 0
first/src/first-api/Model/User.go:68.23,70.4 1 0
first/src/first-api/Model/User.go:71.20,73.4 1 0
first/src/first-api/Model/User.go:74.59,76.4 1 0
first/src/first-api/Model/User.go:80.19,82.4 1 0
first/src/first-api/Model/User.go:83.23,85.4 1 0
first/src/first-api/Model/User.go:86.20,88.4 1 0
first/src/first-api/Model/User.go:89.59,91.4 1 0
